[28Jun2024 07:20:38.938] [main/INFO] [cpw.mods.modlauncher.Launcher/MODLAUNCHER]: ModLauncher running: args [--gameDir, ., --launchTarget, fmluserdevclient, --fml.mcpVersion, 20200515.085601, --fml.mcVersion, 1.15.2, --fml.forgeGroup, net.minecraftforge, --fml.forgeVersion, 31.2.57, --version, MOD_DEV, --assetIndex, 1.15, --assetsDir, /home/kayla/.gradle/caches/forge_gradle/assets, --username, Dev, --accessToken, ❄❄❄❄❄❄❄❄, --userProperties, {}]
[28Jun2024 07:20:38.965] [main/INFO] [cpw.mods.modlauncher.Launcher/MODLAUNCHER]: ModLauncher 5.1.2+70+master.2845bb9 starting: java version 1.8.0_412 by Oracle Corporation
[28Jun2024 07:20:39.180] [main/INFO] [net.minecraftforge.fml.loading.FixSSL/CORE]: Added Lets Encrypt root certificates as additional trust
[28Jun2024 07:20:39.214] [main/INFO] [mixin/]: SpongePowered MIXIN Subsystem Version=0.8.2 Source=file:/home/kayla/.gradle/caches/modules-2/files-2.1/org.spongepowered/mixin/0.8.2/1cf212283d26f706fd3074318870bebd14d2a9ed/mixin-0.8.2.jar Service=ModLauncher Env=CLIENT
[28Jun2024 07:20:40.351] [main/INFO] [cpw.mods.modlauncher.LaunchServiceHandler/MODLAUNCHER]: Launching target 'fmluserdevclient' with arguments [--version, MOD_DEV, --gameDir, ., --assetsDir, /home/kayla/.gradle/caches/forge_gradle/assets, --assetIndex, 1.15, --username, Dev, --accessToken, ❄❄❄❄❄❄❄❄, --userProperties, {}]
[28Jun2024 07:20:43.342] [Render thread/INFO] [net.minecraft.client.Minecraft/]: Setting user: Dev
[28Jun2024 07:20:56.201] [Render thread/INFO] [net.minecraft.client.Minecraft/]: Backend library: LWJGL version 3.2.2 build 10
[28Jun2024 07:20:56.809] [Render thread/FATAL] [net.minecraftforge.fml.ModLoader/CORE]: Failed to initialize mod containers
net.minecraftforge.fml.ModLoadingException: mods.toml missing metadata for modid SmthElseThen
	at net.minecraftforge.fml.ModLoader.lambda$buildModContainerFromTOML$30(ModLoader.java:250) ~[forge-1.15.2-31.2.57_mapped_snapshot_20200514-1.15.1.jar:?]
	at java.util.Optional.orElseThrow(Optional.java:290) ~[?:1.8.0_412]
	at net.minecraftforge.fml.ModLoader.buildModContainerFromTOML(ModLoader.java:250) ~[forge-1.15.2-31.2.57_mapped_snapshot_20200514-1.15.1.jar:?]
	at net.minecraftforge.fml.ModLoader.lambda$buildMods$27(ModLoader.java:231) ~[forge-1.15.2-31.2.57_mapped_snapshot_20200514-1.15.1.jar:?]
	at java.util.stream.ReferencePipeline$3$1.accept(ReferencePipeline.java:193) ~[?:1.8.0_412]
	at java.util.HashMap$EntrySpliterator.forEachRemaining(HashMap.java:1723) ~[?:1.8.0_412]
	at java.util.stream.AbstractPipeline.copyInto(AbstractPipeline.java:482) ~[?:1.8.0_412]
	at java.util.stream.AbstractPipeline.wrapAndCopyInto(AbstractPipeline.java:472) ~[?:1.8.0_412]
	at java.util.stream.ReduceOps$ReduceOp.evaluateSequential(ReduceOps.java:708) ~[?:1.8.0_412]
	at java.util.stream.AbstractPipeline.evaluate(AbstractPipeline.java:234) ~[?:1.8.0_412]
	at java.util.stream.ReferencePipeline.collect(ReferencePipeline.java:566) ~[?:1.8.0_412]
	at net.minecraftforge.fml.ModLoader.buildMods(ModLoader.java:233) ~[forge-1.15.2-31.2.57_mapped_snapshot_20200514-1.15.1.jar:?]
	at net.minecraftforge.fml.ModLoader.lambda$gatherAndInitializeMods$19(ModLoader.java:189) ~[forge-1.15.2-31.2.57_mapped_snapshot_20200514-1.15.1.jar:?]
	at java.util.stream.ReferencePipeline$3$1.accept(ReferencePipeline.java:193) ~[?:1.8.0_412]
	at java.util.stream.ReferencePipeline$3$1.accept(ReferencePipeline.java:193) ~[?:1.8.0_412]
	at java.util.ArrayList$ArrayListSpliterator.forEachRemaining(ArrayList.java:1384) ~[?:1.8.0_412]
	at java.util.stream.AbstractPipeline.copyInto(AbstractPipeline.java:482) ~[?:1.8.0_412]
	at java.util.stream.AbstractPipeline.wrapAndCopyInto(AbstractPipeline.java:472) ~[?:1.8.0_412]
	at java.util.stream.ReduceOps$ReduceOp.evaluateSequential(ReduceOps.java:708) ~[?:1.8.0_412]
	at java.util.stream.AbstractPipeline.evaluate(AbstractPipeline.java:234) ~[?:1.8.0_412]
	at java.util.stream.ReferencePipeline.collect(ReferencePipeline.java:566) ~[?:1.8.0_412]
	at net.minecraftforge.fml.ModLoader.gatherAndInitializeMods(ModLoader.java:191) ~[forge-1.15.2-31.2.57_mapped_snapshot_20200514-1.15.1.jar:?]
	at net.minecraftforge.fml.client.ClientModLoader.lambda$begin$2(ClientModLoader.java:97) ~[forge-1.15.2-31.2.57_mapped_snapshot_20200514-1.15.1.jar:?]
	at net.minecraftforge.fml.client.ClientModLoader.lambda$createRunnableWithCatch$5(ClientModLoader.java:113) ~[forge-1.15.2-31.2.57_mapped_snapshot_20200514-1.15.1.jar:?]
	at net.minecraftforge.fml.client.ClientModLoader.begin(ClientModLoader.java:97) ~[forge-1.15.2-31.2.57_mapped_snapshot_20200514-1.15.1.jar:?]
	at net.minecraft.client.Minecraft.<init>(Minecraft.java:392) ~[forge-1.15.2-31.2.57_mapped_snapshot_20200514-1.15.1.jar:?]
	at net.minecraft.client.main.Main.main(SourceFile:166) ~[forge-1.15.2-31.2.57_mapped_snapshot_20200514-1.15.1.jar:?]
	at sun.reflect.NativeMethodAccessorImpl.invoke0(Native Method) ~[?:1.8.0_412]
	at sun.reflect.NativeMethodAccessorImpl.invoke(NativeMethodAccessorImpl.java:62) ~[?:1.8.0_412]
	at sun.reflect.DelegatingMethodAccessorImpl.invoke(DelegatingMethodAccessorImpl.java:43) ~[?:1.8.0_412]
	at java.lang.reflect.Method.invoke(Method.java:498) ~[?:1.8.0_412]
	at net.minecraftforge.userdev.FMLUserdevClientLaunchProvider.lambda$launchService$0(FMLUserdevClientLaunchProvider.java:55) ~[forge-1.15.2-31.2.57_mapped_snapshot_20200514-1.15.1.jar:?]
	at cpw.mods.modlauncher.LaunchServiceHandlerDecorator.launch(LaunchServiceHandlerDecorator.java:37) [modlauncher-5.1.2.jar:?]
	at cpw.mods.modlauncher.LaunchServiceHandler.launch(LaunchServiceHandler.java:54) [modlauncher-5.1.2.jar:?]
	at cpw.mods.modlauncher.LaunchServiceHandler.launch(LaunchServiceHandler.java:72) [modlauncher-5.1.2.jar:?]
	at cpw.mods.modlauncher.Launcher.run(Launcher.java:81) [modlauncher-5.1.2.jar:?]
	at cpw.mods.modlauncher.Launcher.main(Launcher.java:65) [modlauncher-5.1.2.jar:?]
	at net.minecraftforge.userdev.LaunchTesting.main(LaunchTesting.java:105) [forge-1.15.2-31.2.57_mapped_snapshot_20200514-1.15.1.jar:?]
[28Jun2024 07:20:56.819] [Render thread/FATAL] [net.minecraftforge.eventbus.EventBus/EVENTBUS]: EventBus 0 shutting down - future events will not be posted.
java.lang.Exception: stacktrace
	at net.minecraftforge.eventbus.EventBus.shutdown(EventBus.java:278) ~[eventbus-2.2.1-service.jar:?]
	at net.minecraftforge.fml.client.ClientModLoader.lambda$createRunnableWithCatch$5(ClientModLoader.java:115) ~[forge-1.15.2-31.2.57_mapped_snapshot_20200514-1.15.1.jar:?]
	at net.minecraftforge.fml.client.ClientModLoader.begin(ClientModLoader.java:97) ~[forge-1.15.2-31.2.57_mapped_snapshot_20200514-1.15.1.jar:?]
	at net.minecraft.client.Minecraft.<init>(Minecraft.java:392) ~[forge-1.15.2-31.2.57_mapped_snapshot_20200514-1.15.1.jar:?]
	at net.minecraft.client.main.Main.main(SourceFile:166) ~[forge-1.15.2-31.2.57_mapped_snapshot_20200514-1.15.1.jar:?]
	at sun.reflect.NativeMethodAccessorImpl.invoke0(Native Method) ~[?:1.8.0_412]
	at sun.reflect.NativeMethodAccessorImpl.invoke(NativeMethodAccessorImpl.java:62) ~[?:1.8.0_412]
	at sun.reflect.DelegatingMethodAccessorImpl.invoke(DelegatingMethodAccessorImpl.java:43) ~[?:1.8.0_412]
	at java.lang.reflect.Method.invoke(Method.java:498) ~[?:1.8.0_412]
	at net.minecraftforge.userdev.FMLUserdevClientLaunchProvider.lambda$launchService$0(FMLUserdevClientLaunchProvider.java:55) ~[forge-1.15.2-31.2.57_mapped_snapshot_20200514-1.15.1.jar:?]
	at cpw.mods.modlauncher.LaunchServiceHandlerDecorator.launch(LaunchServiceHandlerDecorator.java:37) [modlauncher-5.1.2.jar:?]
	at cpw.mods.modlauncher.LaunchServiceHandler.launch(LaunchServiceHandler.java:54) [modlauncher-5.1.2.jar:?]
	at cpw.mods.modlauncher.LaunchServiceHandler.launch(LaunchServiceHandler.java:72) [modlauncher-5.1.2.jar:?]
	at cpw.mods.modlauncher.Launcher.run(Launcher.java:81) [modlauncher-5.1.2.jar:?]
	at cpw.mods.modlauncher.Launcher.main(Launcher.java:65) [modlauncher-5.1.2.jar:?]
	at net.minecraftforge.userdev.LaunchTesting.main(LaunchTesting.java:105) [forge-1.15.2-31.2.57_mapped_snapshot_20200514-1.15.1.jar:?]
[28Jun2024 07:20:59.609] [Render thread/WARN] [com.mojang.text2speech.NarratorLinux/]: ERROR : Couldn't load Narrator library : Unable to load library 'fliteWrapper': Can't obtain InputStream for linux-x86-64/libfliteWrapper.so
[28Jun2024 07:20:59.673] [Render thread/INFO] [net.minecraft.resources.SimpleReloadableResourceManager/]: Reloading ResourceManager: Default, Mod Resources
[28Jun2024 07:20:59.706] [Server-Worker-7/ERROR] [net.minecraftforge.fml.ModLoader/LOADING]: Skipping lifecycle event SETUP, 1 errors found.
[28Jun2024 07:20:59.706] [Server-Worker-7/FATAL] [net.minecraftforge.fml.ModLoader/LOADING]: Failed to complete lifecycle event SETUP, 1 errors found
[28Jun2024 07:20:59.706] [Server-Worker-7/FATAL] [net.minecraftforge.eventbus.EventBus/EVENTBUS]: EventBus 0 shutting down - future events will not be posted.
java.lang.Exception: stacktrace
	at net.minecraftforge.eventbus.EventBus.shutdown(EventBus.java:278) ~[eventbus-2.2.1-service.jar:?]
	at net.minecraftforge.fml.client.ClientModLoader.lambda$createRunnableWithCatch$5(ClientModLoader.java:115) ~[?:?]
	at net.minecraftforge.fml.client.ClientModLoader.startModLoading(ClientModLoader.java:123) ~[?:?]
	at net.minecraftforge.fml.client.ClientModLoader.lambda$onreload$3(ClientModLoader.java:105) ~[?:?]
	at net.minecraftforge.fml.client.ClientModLoader.lambda$createRunnableWithCatch$5(ClientModLoader.java:113) ~[?:?]
	at java.util.concurrent.CompletableFuture$AsyncRun.run(CompletableFuture.java:1640) [?:1.8.0_412]
	at java.util.concurrent.CompletableFuture$AsyncRun.exec(CompletableFuture.java:1632) [?:1.8.0_412]
	at java.util.concurrent.ForkJoinTask.doExec(ForkJoinTask.java:289) [?:1.8.0_412]
	at java.util.concurrent.ForkJoinPool$WorkQueue.runTask(ForkJoinPool.java:1056) [?:1.8.0_412]
	at java.util.concurrent.ForkJoinPool.runWorker(ForkJoinPool.java:1692) [?:1.8.0_412]
	at java.util.concurrent.ForkJoinWorkerThread.run(ForkJoinWorkerThread.java:175) [?:1.8.0_412]
[28Jun2024 07:21:02.711] [Server-Worker-1/ERROR] [net.minecraftforge.fml.ModLoader/LOADING]: Skipping lifecycle event ENQUEUE_IMC, 1 errors found.
[28Jun2024 07:21:02.712] [Server-Worker-1/FATAL] [net.minecraftforge.fml.ModLoader/LOADING]: Failed to complete lifecycle event ENQUEUE_IMC, 1 errors found
[28Jun2024 07:21:02.712] [Server-Worker-1/FATAL] [net.minecraftforge.eventbus.EventBus/EVENTBUS]: EventBus 0 shutting down - future events will not be posted.
java.lang.Exception: stacktrace
	at net.minecraftforge.eventbus.EventBus.shutdown(EventBus.java:278) ~[eventbus-2.2.1-service.jar:?]
	at net.minecraftforge.fml.client.ClientModLoader.lambda$createRunnableWithCatch$5(ClientModLoader.java:115) ~[?:?]
	at net.minecraftforge.fml.client.ClientModLoader.finishModLoading(ClientModLoader.java:137) ~[?:?]
	at net.minecraftforge.fml.client.ClientModLoader.lambda$onreload$4(ClientModLoader.java:107) ~[?:?]
	at java.util.concurrent.CompletableFuture.uniRun(CompletableFuture.java:719) [?:1.8.0_412]
	at java.util.concurrent.CompletableFuture$UniRun.tryFire(CompletableFuture.java:701) [?:1.8.0_412]
	at java.util.concurrent.CompletableFuture$Completion.exec(CompletableFuture.java:457) [?:1.8.0_412]
	at java.util.concurrent.ForkJoinTask.doExec(ForkJoinTask.java:289) [?:1.8.0_412]
	at java.util.concurrent.ForkJoinPool$WorkQueue.runTask(ForkJoinPool.java:1056) [?:1.8.0_412]
	at java.util.concurrent.ForkJoinPool.runWorker(ForkJoinPool.java:1692) [?:1.8.0_412]
	at java.util.concurrent.ForkJoinWorkerThread.run(ForkJoinWorkerThread.java:175) [?:1.8.0_412]
[28Jun2024 07:21:02.874] [Render thread/INFO] [net.minecraft.client.audio.SoundSystem/]: OpenAL initialized.
[28Jun2024 07:21:02.875] [Render thread/INFO] [net.minecraft.client.audio.SoundEngine/SOUNDS]: Sound engine started
[28Jun2024 07:21:03.041] [Render thread/INFO] [net.minecraft.client.renderer.texture.AtlasTexture/]: Created: 1024x512x4 minecraft:textures/atlas/blocks.png-atlas
[28Jun2024 07:21:03.087] [Render thread/INFO] [net.minecraft.client.renderer.texture.AtlasTexture/]: Created: 128x128x4 minecraft:textures/atlas/signs.png-atlas
[28Jun2024 07:21:03.088] [Render thread/INFO] [net.minecraft.client.renderer.texture.AtlasTexture/]: Created: 512x512x4 minecraft:textures/atlas/banner_patterns.png-atlas
[28Jun2024 07:21:03.091] [Render thread/INFO] [net.minecraft.client.renderer.texture.AtlasTexture/]: Created: 512x512x4 minecraft:textures/atlas/shield_patterns.png-atlas
[28Jun2024 07:21:03.093] [Render thread/INFO] [net.minecraft.client.renderer.texture.AtlasTexture/]: Created: 256x256x4 minecraft:textures/atlas/chest.png-atlas
[28Jun2024 07:21:03.094] [Render thread/INFO] [net.minecraft.client.renderer.texture.AtlasTexture/]: Created: 512x256x4 minecraft:textures/atlas/beds.png-atlas
[28Jun2024 07:21:03.095] [Render thread/INFO] [net.minecraft.client.renderer.texture.AtlasTexture/]: Created: 512x256x4 minecraft:textures/atlas/shulker_boxes.png-atlas
[28Jun2024 07:21:03.656] [Render thread/INFO] [net.minecraft.client.renderer.texture.AtlasTexture/]: Created: 256x256x0 minecraft:textures/atlas/particles.png-atlas
[28Jun2024 07:21:03.659] [Render thread/INFO] [net.minecraft.client.renderer.texture.AtlasTexture/]: Created: 256x256x0 minecraft:textures/atlas/paintings.png-atlas
[28Jun2024 07:21:03.660] [Render thread/INFO] [net.minecraft.client.renderer.texture.AtlasTexture/]: Created: 128x128x0 minecraft:textures/atlas/mob_effects.png-atlas
[28Jun2024 09:21:00.254] [Render thread/INFO] [net.minecraft.client.Minecraft/]: Stopping!
